  [1m[35m (1.1ms)[0m  [1m[34mSELECT pg_try_advisory_lock(7115881649548068915)[0m
  [1m[36mActiveRecord::SchemaMigration Pluck (2.4ms)[0m  [1m[34mSELECT "schema_migrations"."version" FROM "schema_migrations" ORDER BY "schema_migrations"."version" ASC[0m
Migrating to DeviseCreateUsers (20230315133759)
  [1m[36mTRANSACTION (0.1ms)[0m  [1m[35mBEGIN[0m
  [1m[35m (18.5ms)[0m  [1m[35mCREATE TABLE "users" ("id" bigserial primary key, "email" character varying DEFAULT '' NOT NULL, "encrypted_password" character varying DEFAULT '' NOT NULL, "reset_password_token" character varying, "reset_password_sent_at" timestamp(6), "remember_created_at" timestamp(6), "created_at" timestamp(6) NOT NULL, "updated_at" timestamp(6) NOT NULL)[0m
  [1m[36mTRANSACTION (0.1ms)[0m  [1m[31mROLLBACK[0m
  [1m[35m (0.2ms)[0m  [1m[34mSELECT pg_advisory_unlock(7115881649548068915)[0m
  [1m[36mActiveRecord::SchemaMigration Pluck (1.0ms)[0m  [1m[34mSELECT "schema_migrations"."version" FROM "schema_migrations" ORDER BY "schema_migrations"."version" ASC[0m
  [1m[36mActiveRecord::InternalMetadata Pluck (1.9ms)[0m  [1m[34mSELECT "ar_internal_metadata"."value" FROM "ar_internal_metadata" WHERE "ar_internal_metadata"."key" = $1 LIMIT $2[0m  [["key", "environment"], ["LIMIT", 1]]
  [1m[36mActiveRecord::SchemaMigration Pluck (0.2ms)[0m  [1m[34mSELECT "schema_migrations"."version" FROM "schema_migrations" ORDER BY "schema_migrations"."version" ASC[0m
  [1m[36mActiveRecord::InternalMetadata Pluck (0.1ms)[0m  [1m[34mSELECT "ar_internal_metadata"."value" FROM "ar_internal_metadata" WHERE "ar_internal_metadata"."key" = $1 LIMIT $2[0m  [["key", "environment"], ["LIMIT", 1]]
  [1m[36mActiveRecord::SchemaMigration Pluck (0.2ms)[0m  [1m[34mSELECT "schema_migrations"."version" FROM "schema_migrations" ORDER BY "schema_migrations"."version" ASC[0m
  [1m[36mActiveRecord::InternalMetadata Pluck (0.1ms)[0m  [1m[34mSELECT "ar_internal_metadata"."value" FROM "ar_internal_metadata" WHERE "ar_internal_metadata"."key" = $1 LIMIT $2[0m  [["key", "environment"], ["LIMIT", 1]]
  [1m[35m (38.1ms)[0m  [1m[35mDROP DATABASE IF EXISTS "ame_api_development"[0m
  [1m[35m (29.6ms)[0m  [1m[35mDROP DATABASE IF EXISTS "ame_api_test"[0m
  [1m[35m (118.0ms)[0m  [1m[35mCREATE DATABASE "ame_api_development" ENCODING = 'unicode'[0m
  [1m[35m (57.5ms)[0m  [1m[35mCREATE DATABASE "ame_api_test" ENCODING = 'unicode'[0m
  [1m[35m (3.8ms)[0m  [1m[35mCREATE TABLE "schema_migrations" ("version" character varying NOT NULL PRIMARY KEY)[0m
  [1m[35m (4.6ms)[0m  [1m[35mCREATE TABLE "ar_internal_metadata" ("key" character varying NOT NULL PRIMARY KEY, "value" character varying, "created_at" timestamp(6) NOT NULL, "updated_at" timestamp(6) NOT NULL)[0m
  [1m[35m (0.1ms)[0m  [1m[34mSELECT pg_try_advisory_lock(7115881649548068915)[0m
  [1m[36mActiveRecord::SchemaMigration Pluck (0.2ms)[0m  [1m[34mSELECT "schema_migrations"."version" FROM "schema_migrations" ORDER BY "schema_migrations"."version" ASC[0m
Migrating to DeviseCreateUsers (20230315133759)
  [1m[36mTRANSACTION (0.0ms)[0m  [1m[35mBEGIN[0m
  [1m[35m (2.1ms)[0m  [1m[35mCREATE TABLE "users" ("id" bigserial primary key, "email" character varying DEFAULT '' NOT NULL, "encrypted_password" character varying DEFAULT '' NOT NULL, "reset_password_token" character varying, "reset_password_sent_at" timestamp(6), "remember_created_at" timestamp(6), "created_at" timestamp(6) NOT NULL, "updated_at" timestamp(6) NOT NULL)[0m
  [1m[35m (1.0ms)[0m  [1m[35mCREATE UNIQUE INDEX "index_users_on_email" ON "users" ("email")[0m
  [1m[35m (0.5ms)[0m  [1m[35mCREATE UNIQUE INDEX "index_users_on_reset_password_token" ON "users" ("reset_password_token")[0m
  [1m[36mActiveRecord::SchemaMigration Create (0.2ms)[0m  [1m[32mINSERT INTO "schema_migrations" ("version") VALUES ($1) RETURNING "version"[0m  [["version", "20230315133759"]]
  [1m[36mTRANSACTION (0.1ms)[0m  [1m[35mCOMMIT[0m
Migrating to AddJtiToUsers (20230315134659)
  [1m[36mTRANSACTION (0.2ms)[0m  [1m[35mBEGIN[0m
  [1m[35m (0.5ms)[0m  [1m[35mALTER TABLE "users" ADD "jti" character varying NOT NULL[0m
  [1m[35m (0.5ms)[0m  [1m[35mCREATE UNIQUE INDEX "index_users_on_jti" ON "users" ("jti")[0m
  [1m[36mActiveRecord::SchemaMigration Create (0.1ms)[0m  [1m[32mINSERT INTO "schema_migrations" ("version") VALUES ($1) RETURNING "version"[0m  [["version", "20230315134659"]]
  [1m[36mTRANSACTION (0.1ms)[0m  [1m[35mCOMMIT[0m
  [1m[36mActiveRecord::InternalMetadata Load (0.1ms)[0m  [1m[34mSELECT "ar_internal_metadata".* FROM "ar_internal_metadata" WHERE "ar_internal_metadata"."key" = $1 LIMIT $2[0m  [["key", "environment"], ["LIMIT", 1]]
  [1m[36mTRANSACTION (0.0ms)[0m  [1m[35mBEGIN[0m
  [1m[36mActiveRecord::InternalMetadata Create (0.3ms)[0m  [1m[32mINSERT INTO "ar_internal_metadata" ("key", "value", "created_at", "updated_at") VALUES ($1, $2, $3, $4) RETURNING "key"[0m  [["key", "environment"], ["value", "development"], ["created_at", "2023-03-15 13:50:06.435607"], ["updated_at", "2023-03-15 13:50:06.435607"]]
  [1m[36mTRANSACTION (0.1ms)[0m  [1m[35mCOMMIT[0m
  [1m[35m (0.1ms)[0m  [1m[34mSELECT pg_advisory_unlock(7115881649548068915)[0m
  [1m[36mActiveRecord::SchemaMigration Pluck (0.2ms)[0m  [1m[34mSELECT "schema_migrations"."version" FROM "schema_migrations" ORDER BY "schema_migrations"."version" ASC[0m
Started POST "/api" for ::1 at 2023-03-15 17:00:35 +0300
  [1m[36mActiveRecord::SchemaMigration Pluck (6.8ms)[0m  [1m[34mSELECT "schema_migrations"."version" FROM "schema_migrations" ORDER BY "schema_migrations"."version" ASC[0m
  
ActionController::RoutingError (No route matches [POST] "/api"):
  
Started POST "/users" for ::1 at 2023-03-15 17:00:45 +0300
  
ActionController::RoutingError (uninitialized constant Api::RegistrationsController):
  
Started POST "/api" for ::1 at 2023-03-15 17:01:03 +0300
  
ActionController::RoutingError (No route matches [POST] "/api"):
  
Started POST "/api/users" for ::1 at 2023-03-15 17:03:14 +0300
  
ActionController::RoutingError (No route matches [POST] "/api/users"):
  
Started POST "/api/users" for ::1 at 2023-03-15 17:04:18 +0300
  
ActionController::RoutingError (No route matches [POST] "/api/users"):
  
Started POST "/api/users" for ::1 at 2023-03-15 17:05:03 +0300
  
ActionController::RoutingError (No route matches [POST] "/api/users"):
  
Started POST "/users" for ::1 at 2023-03-15 17:05:32 +0300
Processing by Api::Users::RegistrationsController#create as */*
  Parameters: {"user"=>{"email"=>"user1@hse.ru", "password"=>"[FILTERED]"}, "registration"=>{"user"=>{"email"=>"user1@hse.ru", "password"=>"[FILTERED]"}}}
  [1m[36mTRANSACTION (1.7ms)[0m  [1m[35mBEGIN[0m
  [1m[36mUser Exists? (23.8ms)[0m  [1m[34mSELECT 1 AS one FROM "users" WHERE "users"."email" = $1 LIMIT $2[0m  [["email", "user1@hse.ru"], ["LIMIT", 1]]
  [1m[36mUser Create (8.0ms)[0m  [1m[32mINSERT INTO "users" ("email", "encrypted_password", "reset_password_token", "reset_password_sent_at", "remember_created_at", "created_at", "updated_at", "jti") VALUES ($1, $2, $3, $4, $5, $6, $7, $8) RETURNING "id"[0m  [["email", "user1@hse.ru"], ["encrypted_password", "[FILTERED]"], ["reset_password_token", "[FILTERED]"], ["reset_password_sent_at", "[FILTERED]"], ["remember_created_at", nil], ["created_at", "2023-03-15 14:05:32.887427"], ["updated_at", "2023-03-15 14:05:32.887427"], ["jti", "38d5d119-0824-41ad-93a2-6278c0329fe5"]]
  [1m[36mTRANSACTION (1.5ms)[0m  [1m[35mCOMMIT[0m
Completed 500 Internal Server Error in 319ms (ActiveRecord: 41.2ms | Allocations: 49505)


  
ActionDispatch::Request::Session::DisabledSessionError (Your application has sessions disabled. To write to the session you must first configure a session store):
  
actionpack (7.0.4.3) lib/action_dispatch/request/session.rb:253:in `load_for_write!'
actionpack (7.0.4.3) lib/action_dispatch/request/session.rb:151:in `[]='
warden (1.2.9) lib/warden/session_serializer.rb:27:in `store'
warden (1.2.9) lib/warden/proxy.rb:187:in `set_user'
devise (4.9.0) lib/devise/controllers/sign_in_out.rb:53:in `sign_in'
devise (4.9.0) app/controllers/devise/registrations_controller.rb:106:in `sign_up'
devise (4.9.0) app/controllers/devise/registrations_controller.rb:24:in `create'
actionpack (7.0.4.3) lib/action_controller/metal/basic_implicit_render.rb:6:in `send_action'
actionpack (7.0.4.3) lib/abstract_controller/base.rb:215:in `process_action'
actionpack (7.0.4.3) lib/action_controller/metal/rendering.rb:53:in `process_action'
actionpack (7.0.4.3) lib/abstract_controller/callbacks.rb:234:in `block in process_action'
activesupport (7.0.4.3) lib/active_support/callbacks.rb:107:in `run_callbacks'
actionpack (7.0.4.3) lib/abstract_controller/callbacks.rb:233:in `process_action'
actionpack (7.0.4.3) lib/action_controller/metal/rescue.rb:22:in `process_action'
actionpack (7.0.4.3) lib/action_controller/metal/instrumentation.rb:67:in `block in process_action'
activesupport (7.0.4.3) lib/active_support/notifications.rb:206:in `block in instrument'
activesupport (7.0.4.3) lib/active_support/notifications/instrumenter.rb:24:in `instrument'
activesupport (7.0.4.3) lib/active_support/notifications.rb:206:in `instrument'
actionpack (7.0.4.3) lib/action_controller/metal/instrumentation.rb:66:in `process_action'
actionpack (7.0.4.3) lib/action_controller/metal/params_wrapper.rb:259:in `process_action'
activerecord (7.0.4.3) lib/active_record/railties/controller_runtime.rb:27:in `process_action'
actionpack (7.0.4.3) lib/abstract_controller/base.rb:151:in `process'
actionpack (7.0.4.3) lib/action_controller/metal.rb:188:in `dispatch'
actionpack (7.0.4.3) lib/action_controller/metal.rb:251:in `dispatch'
actionpack (7.0.4.3) lib/action_dispatch/routing/route_set.rb:49:in `dispatch'
actionpack (7.0.4.3) lib/action_dispatch/routing/route_set.rb:32:in `serve'
actionpack (7.0.4.3) lib/action_dispatch/routing/mapper.rb:18:in `block in <class:Constraints>'
actionpack (7.0.4.3) lib/action_dispatch/routing/mapper.rb:48:in `serve'
actionpack (7.0.4.3) lib/action_dispatch/journey/router.rb:50:in `block in serve'
actionpack (7.0.4.3) lib/action_dispatch/journey/router.rb:32:in `each'
actionpack (7.0.4.3) lib/action_dispatch/journey/router.rb:32:in `serve'
actionpack (7.0.4.3) lib/action_dispatch/routing/route_set.rb:852:in `call'
warden-jwt_auth (0.8.0) lib/warden/jwt_auth/middleware/token_dispatcher.rb:20:in `call'
warden-jwt_auth (0.8.0) lib/warden/jwt_auth/middleware/revocation_manager.rb:21:in `call'
rack (2.2.6.4) lib/rack/builder.rb:244:in `call'
warden-jwt_auth (0.8.0) lib/warden/jwt_auth/middleware.rb:22:in `call'
warden (1.2.9) lib/warden/manager.rb:36:in `block in call'
warden (1.2.9) lib/warden/manager.rb:34:in `catch'
warden (1.2.9) lib/warden/manager.rb:34:in `call'
rack (2.2.6.4) lib/rack/etag.rb:27:in `call'
rack (2.2.6.4) lib/rack/conditional_get.rb:40:in `call'
rack (2.2.6.4) lib/rack/head.rb:12:in `call'
activerecord (7.0.4.3) lib/active_record/migration.rb:603:in `call'
actionpack (7.0.4.3) lib/action_dispatch/middleware/callbacks.rb:27:in `block in call'
activesupport (7.0.4.3) lib/active_support/callbacks.rb:99:in `run_callbacks'
actionpack (7.0.4.3) lib/action_dispatch/middleware/callbacks.rb:26:in `call'
actionpack (7.0.4.3) lib/action_dispatch/middleware/executor.rb:14:in `call'
actionpack (7.0.4.3) lib/action_dispatch/middleware/actionable_exceptions.rb:17:in `call'
actionpack (7.0.4.3) lib/action_dispatch/middleware/debug_exceptions.rb:28:in `call'
actionpack (7.0.4.3) lib/action_dispatch/middleware/show_exceptions.rb:26:in `call'
railties (7.0.4.3) lib/rails/rack/logger.rb:40:in `call_app'
railties (7.0.4.3) lib/rails/rack/logger.rb:25:in `block in call'
activesupport (7.0.4.3) lib/active_support/tagged_logging.rb:99:in `block in tagged'
activesupport (7.0.4.3) lib/active_support/tagged_logging.rb:37:in `tagged'
activesupport (7.0.4.3) lib/active_support/tagged_logging.rb:99:in `tagged'
railties (7.0.4.3) lib/rails/rack/logger.rb:25:in `call'
actionpack (7.0.4.3) lib/action_dispatch/middleware/remote_ip.rb:93:in `call'
actionpack (7.0.4.3) lib/action_dispatch/middleware/request_id.rb:26:in `call'
rack (2.2.6.4) lib/rack/runtime.rb:22:in `call'
activesupport (7.0.4.3) lib/active_support/cache/strategy/local_cache_middleware.rb:29:in `call'
actionpack (7.0.4.3) lib/action_dispatch/middleware/server_timing.rb:61:in `block in call'
actionpack (7.0.4.3) lib/action_dispatch/middleware/server_timing.rb:26:in `collect_events'
actionpack (7.0.4.3) lib/action_dispatch/middleware/server_timing.rb:60:in `call'
actionpack (7.0.4.3) lib/action_dispatch/middleware/executor.rb:14:in `call'
actionpack (7.0.4.3) lib/action_dispatch/middleware/static.rb:23:in `call'
rack (2.2.6.4) lib/rack/sendfile.rb:110:in `call'
actionpack (7.0.4.3) lib/action_dispatch/middleware/host_authorization.rb:137:in `call'
railties (7.0.4.3) lib/rails/engine.rb:530:in `call'
puma (5.6.5) lib/puma/configuration.rb:252:in `call'
puma (5.6.5) lib/puma/request.rb:77:in `block in handle_request'
puma (5.6.5) lib/puma/thread_pool.rb:340:in `with_force_shutdown'
puma (5.6.5) lib/puma/request.rb:76:in `handle_request'
puma (5.6.5) lib/puma/server.rb:443:in `process_client'
puma (5.6.5) lib/puma/thread_pool.rb:147:in `block in spawn_thread'
Started POST "/users" for ::1 at 2023-03-15 17:08:02 +0300
  [1m[36mActiveRecord::SchemaMigration Pluck (0.6ms)[0m  [1m[34mSELECT "schema_migrations"."version" FROM "schema_migrations" ORDER BY "schema_migrations"."version" ASC[0m
Processing by Api::Users::RegistrationsController#create as */*
  Parameters: {"user"=>{"email"=>"user2@hse.ru", "password"=>"[FILTERED]"}, "registration"=>{"user"=>{"email"=>"user2@hse.ru", "password"=>"[FILTERED]"}}}
  [1m[36mTRANSACTION (0.2ms)[0m  [1m[35mBEGIN[0m
  [1m[36mUser Exists? (1.1ms)[0m  [1m[34mSELECT 1 AS one FROM "users" WHERE "users"."email" = $1 LIMIT $2[0m  [["email", "user2@hse.ru"], ["LIMIT", 1]]
  [1m[36mUser Create (2.7ms)[0m  [1m[32mINSERT INTO "users" ("email", "encrypted_password", "reset_password_token", "reset_password_sent_at", "remember_created_at", "created_at", "updated_at", "jti") VALUES ($1, $2, $3, $4, $5, $6, $7, $8) RETURNING "id"[0m  [["email", "user2@hse.ru"], ["encrypted_password", "[FILTERED]"], ["reset_password_token", "[FILTERED]"], ["reset_password_sent_at", "[FILTERED]"], ["remember_created_at", nil], ["created_at", "2023-03-15 14:08:03.433713"], ["updated_at", "2023-03-15 14:08:03.433713"], ["jti", "57ccf38d-1b9a-4930-a04f-d545bfa544e5"]]
  [1m[36mTRANSACTION (1.6ms)[0m  [1m[35mCOMMIT[0m
Completed 200 OK in 328ms (Views: 0.1ms | ActiveRecord: 23.5ms | Allocations: 47942)


Started DELETE "/users/sign_out" for ::1 at 2023-03-15 17:17:22 +0300
Processing by Api::Users::SessionsController#destroy as */*
  [1m[36mUser Load (0.9ms)[0m  [1m[34mSELECT "users".* FROM "users" WHERE "users"."id" = $1 ORDER BY "users"."id" ASC LIMIT $2[0m  [["id", 2], ["LIMIT", 1]]
  [1m[36mUser Load (0.2ms)[0m  [1m[34mSELECT "users".* FROM "users" WHERE "users"."id" = $1 LIMIT $2[0m  [["id", 2], ["LIMIT", 1]]
  ↳ app/controllers/api/users/sessions_controller.rb:16:in `respond_to_on_destroy'
Completed 200 OK in 41ms (Views: 0.2ms | ActiveRecord: 10.2ms | Allocations: 9794)


  [1m[36mCACHE User Load (0.0ms)[0m  [1m[34mSELECT "users".* FROM "users" WHERE "users"."id" = $1 LIMIT $2[0m  [["id", 2], ["LIMIT", 1]]
  [1m[36mUser Update (1.5ms)[0m  [1m[33mUPDATE "users" SET "jti" = $1 WHERE "users"."id" = $2[0m  [["jti", "883d28e8-20e5-4cd6-8813-360dcf74f9ff"], ["id", 2]]
Started POST "/users" for ::1 at 2023-03-15 17:18:09 +0300
Processing by Api::Users::RegistrationsController#create as */*
  Parameters: {"user"=>{"email"=>"user3@hse.ru", "password"=>"[FILTERED]"}, "registration"=>{"user"=>{"email"=>"user3@hse.ru", "password"=>"[FILTERED]"}}}
  [1m[36mTRANSACTION (0.2ms)[0m  [1m[35mBEGIN[0m
  ↳ app/controllers/api/users/registrations_controller.rb:9:in `create'
  [1m[36mUser Exists? (1.9ms)[0m  [1m[34mSELECT 1 AS one FROM "users" WHERE "users"."email" = $1 LIMIT $2[0m  [["email", "user3@hse.ru"], ["LIMIT", 1]]
  ↳ app/controllers/api/users/registrations_controller.rb:9:in `create'
  [1m[36mUser Create (0.8ms)[0m  [1m[32mINSERT INTO "users" ("email", "encrypted_password", "reset_password_token", "reset_password_sent_at", "remember_created_at", "created_at", "updated_at", "jti") VALUES ($1, $2, $3, $4, $5, $6, $7, $8) RETURNING "id"[0m  [["email", "user3@hse.ru"], ["encrypted_password", "[FILTERED]"], ["reset_password_token", "[FILTERED]"], ["reset_password_sent_at", "[FILTERED]"], ["remember_created_at", nil], ["created_at", "2023-03-15 14:18:10.201309"], ["updated_at", "2023-03-15 14:18:10.201309"], ["jti", "13da0a47-e790-4c5c-8189-5637fbc1ed3b"]]
  ↳ app/controllers/api/users/registrations_controller.rb:9:in `create'
  [1m[36mTRANSACTION (2.0ms)[0m  [1m[35mCOMMIT[0m
  ↳ app/controllers/api/users/registrations_controller.rb:9:in `create'
Completed 200 OK in 270ms (Views: 0.4ms | ActiveRecord: 4.8ms | Allocations: 4056)


Started POST "/users" for ::1 at 2023-03-15 17:19:49 +0300
  
SyntaxError (/Users/mirrareil/Desktop/programming/ame-api/app/controllers/api/users/registrations_controller.rb:32: syntax error, unexpected end-of-input, expecting `end'):
  
app/controllers/api/users/registrations_controller.rb:32: syntax error, unexpected end-of-input, expecting `end'
app/controllers/api/users/registrations_controller.rb:32: syntax error, unexpected end-of-input, expecting `end'
Started POST "/users" for ::1 at 2023-03-15 17:20:03 +0300
Processing by Api::Users::RegistrationsController#create as */*
  Parameters: {"user"=>{"email"=>"user3@hse.ru", "password"=>"[FILTERED]"}, "registration"=>{"user"=>{"email"=>"user3@hse.ru", "password"=>"[FILTERED]"}}}
  [1m[36mTRANSACTION (0.1ms)[0m  [1m[35mBEGIN[0m
  ↳ app/controllers/api/users/registrations_controller.rb:9:in `create'
  [1m[36mUser Exists? (2.2ms)[0m  [1m[34mSELECT 1 AS one FROM "users" WHERE "users"."email" = $1 LIMIT $2[0m  [["email", "user3@hse.ru"], ["LIMIT", 1]]
  ↳ app/controllers/api/users/registrations_controller.rb:9:in `create'
  [1m[36mTRANSACTION (0.4ms)[0m  [1m[31mROLLBACK[0m
  ↳ app/controllers/api/users/registrations_controller.rb:9:in `create'
Completed 422 Unprocessable Entity in 282ms (Views: 0.2ms | ActiveRecord: 23.2ms | Allocations: 6090)


Started POST "/users" for ::1 at 2023-03-15 17:20:21 +0300
Processing by Api::Users::RegistrationsController#create as */*
  Parameters: {"user"=>{"email"=>"user4@hse.ru", "password"=>"[FILTERED]"}, "registration"=>{"user"=>{"email"=>"user4@hse.ru", "password"=>"[FILTERED]"}}}
  [1m[36mTRANSACTION (0.5ms)[0m  [1m[35mBEGIN[0m
  ↳ app/controllers/api/users/registrations_controller.rb:9:in `create'
  [1m[36mUser Exists? (0.9ms)[0m  [1m[34mSELECT 1 AS one FROM "users" WHERE "users"."email" = $1 LIMIT $2[0m  [["email", "user4@hse.ru"], ["LIMIT", 1]]
  ↳ app/controllers/api/users/registrations_controller.rb:9:in `create'
  [1m[36mUser Create (0.7ms)[0m  [1m[32mINSERT INTO "users" ("email", "encrypted_password", "reset_password_token", "reset_password_sent_at", "remember_created_at", "created_at", "updated_at", "jti") VALUES ($1, $2, $3, $4, $5, $6, $7, $8) RETURNING "id"[0m  [["email", "user4@hse.ru"], ["encrypted_password", "[FILTERED]"], ["reset_password_token", "[FILTERED]"], ["reset_password_sent_at", "[FILTERED]"], ["remember_created_at", nil], ["created_at", "2023-03-15 14:20:21.561571"], ["updated_at", "2023-03-15 14:20:21.561571"], ["jti", "90bb8ca9-2417-43a8-a21f-a5275514e2ae"]]
  ↳ app/controllers/api/users/registrations_controller.rb:9:in `create'
  [1m[36mTRANSACTION (0.7ms)[0m  [1m[35mCOMMIT[0m
  ↳ app/controllers/api/users/registrations_controller.rb:9:in `create'
Completed 200 OK in 264ms (Views: 0.2ms | ActiveRecord: 2.8ms | Allocations: 3119)


Started POST "/users" for ::1 at 2023-03-15 17:21:05 +0300
Processing by Api::Users::RegistrationsController#create as */*
  Parameters: {"user"=>{"email"=>"user4@hse.ru", "password"=>"[FILTERED]"}, "registration"=>{"user"=>{"email"=>"user4@hse.ru", "password"=>"[FILTERED]"}}}
  [1m[36mTRANSACTION (0.1ms)[0m  [1m[35mBEGIN[0m
  ↳ app/controllers/api/users/registrations_controller.rb:9:in `create'
  [1m[36mUser Exists? (11.5ms)[0m  [1m[34mSELECT 1 AS one FROM "users" WHERE "users"."email" = $1 LIMIT $2[0m  [["email", "user4@hse.ru"], ["LIMIT", 1]]
  ↳ app/controllers/api/users/registrations_controller.rb:9:in `create'
  [1m[36mTRANSACTION (0.2ms)[0m  [1m[31mROLLBACK[0m
  ↳ app/controllers/api/users/registrations_controller.rb:9:in `create'
Completed 422 Unprocessable Entity in 314ms (Views: 0.3ms | ActiveRecord: 25.0ms | Allocations: 6016)


Started POST "/users" for ::1 at 2023-03-15 17:23:29 +0300
Processing by Api::Users::RegistrationsController#create as */*
  Parameters: {"user"=>{"email"=>"user4@hse.ru", "password"=>"[FILTERED]"}, "registration"=>{"user"=>{"email"=>"user4@hse.ru", "password"=>"[FILTERED]"}}}
  [1m[36mTRANSACTION (0.5ms)[0m  [1m[35mBEGIN[0m
  ↳ app/controllers/api/users/registrations_controller.rb:9:in `create'
  [1m[36mUser Exists? (1.7ms)[0m  [1m[34mSELECT 1 AS one FROM "users" WHERE "users"."email" = $1 LIMIT $2[0m  [["email", "user4@hse.ru"], ["LIMIT", 1]]
  ↳ app/controllers/api/users/registrations_controller.rb:9:in `create'
  [1m[36mTRANSACTION (0.4ms)[0m  [1m[31mROLLBACK[0m
  ↳ app/controllers/api/users/registrations_controller.rb:9:in `create'
Completed 422 Unprocessable Entity in 267ms (Views: 0.4ms | ActiveRecord: 2.6ms | Allocations: 2289)


Started POST "/users" for ::1 at 2023-03-15 17:23:36 +0300
Processing by Api::Users::RegistrationsController#create as */*
  Parameters: {"user"=>{"email"=>"user5@hse.ru", "password"=>"[FILTERED]"}, "registration"=>{"user"=>{"email"=>"user5@hse.ru", "password"=>"[FILTERED]"}}}
  [1m[36mTRANSACTION (0.2ms)[0m  [1m[35mBEGIN[0m
  ↳ app/controllers/api/users/registrations_controller.rb:9:in `create'
  [1m[36mUser Exists? (1.0ms)[0m  [1m[34mSELECT 1 AS one FROM "users" WHERE "users"."email" = $1 LIMIT $2[0m  [["email", "user5@hse.ru"], ["LIMIT", 1]]
  ↳ app/controllers/api/users/registrations_controller.rb:9:in `create'
  [1m[36mUser Create (23.2ms)[0m  [1m[32mINSERT INTO "users" ("email", "encrypted_password", "reset_password_token", "reset_password_sent_at", "remember_created_at", "created_at", "updated_at", "jti") VALUES ($1, $2, $3, $4, $5, $6, $7, $8) RETURNING "id"[0m  [["email", "user5@hse.ru"], ["encrypted_password", "[FILTERED]"], ["reset_password_token", "[FILTERED]"], ["reset_password_sent_at", "[FILTERED]"], ["remember_created_at", nil], ["created_at", "2023-03-15 14:23:36.443690"], ["updated_at", "2023-03-15 14:23:36.443690"], ["jti", "0ebcf6ab-8e87-40a3-aeb8-83cd6c4880d1"]]
  ↳ app/controllers/api/users/registrations_controller.rb:9:in `create'
  [1m[36mTRANSACTION (8.4ms)[0m  [1m[35mCOMMIT[0m
  ↳ app/controllers/api/users/registrations_controller.rb:9:in `create'
Completed 200 OK in 300ms (Views: 0.4ms | ActiveRecord: 32.8ms | Allocations: 3097)


Started DELETE "/users/sign_out" for ::1 at 2023-03-15 17:24:13 +0300
Processing by Api::Users::SessionsController#destroy as */*
  [1m[36mUser Load (0.7ms)[0m  [1m[34mSELECT "users".* FROM "users" WHERE "users"."id" = $1 LIMIT $2[0m  [["id", 2], ["LIMIT", 1]]
  ↳ app/controllers/api/users/sessions_controller.rb:16:in `respond_to_on_destroy'
Filter chain halted as :verify_signed_out_user rendered or redirected
Completed 200 OK in 18ms (Views: 0.3ms | ActiveRecord: 0.7ms | Allocations: 1379)


  [1m[36mCACHE User Load (0.0ms)[0m  [1m[34mSELECT "users".* FROM "users" WHERE "users"."id" = $1 LIMIT $2[0m  [["id", 2], ["LIMIT", 1]]
  [1m[36mUser Update (1.3ms)[0m  [1m[33mUPDATE "users" SET "jti" = $1 WHERE "users"."id" = $2[0m  [["jti", "1fe51f09-fb6a-414c-a7c6-00e8cbaa668b"], ["id", 2]]
Started DELETE "/users/sign_out" for ::1 at 2023-03-15 17:28:09 +0300
Processing by Api::Users::SessionsController#destroy as */*
  [1m[36mUser Load (1.2ms)[0m  [1m[34mSELECT "users".* FROM "users" WHERE "users"."id" = $1 LIMIT $2[0m  [["id", 2], ["LIMIT", 1]]
  ↳ app/controllers/api/users/sessions_controller.rb:16:in `respond_to_on_destroy'
Filter chain halted as :verify_signed_out_user rendered or redirected
Completed 200 OK in 6ms (Views: 0.3ms | ActiveRecord: 1.2ms | Allocations: 849)


  [1m[36mCACHE User Load (0.0ms)[0m  [1m[34mSELECT "users".* FROM "users" WHERE "users"."id" = $1 LIMIT $2[0m  [["id", 2], ["LIMIT", 1]]
  [1m[36mUser Update (1.1ms)[0m  [1m[33mUPDATE "users" SET "jti" = $1 WHERE "users"."id" = $2[0m  [["jti", "d23eae4a-ad76-4276-9c60-d6170a5372fd"], ["id", 2]]
Started GET "/users/sign_in" for ::1 at 2023-03-15 17:30:21 +0300
Processing by Api::Users::SessionsController#new as */*
  Parameters: {"user"=>{"email"=>"user5@hse.ru", "password"=>"[FILTERED]"}, "session"=>{"user"=>{"email"=>"user5@hse.ru", "password"=>"[FILTERED]"}}}
Completed 200 OK in 258ms (Views: 0.4ms | ActiveRecord: 0.0ms | Allocations: 790)


Started POST "/users/sign_in" for ::1 at 2023-03-15 17:30:57 +0300
Processing by Api::Users::SessionsController#create as */*
  Parameters: {"user"=>{"email"=>"user5@hse.ru", "password"=>"[FILTERED]"}, "session"=>{"user"=>{"email"=>"user5@hse.ru", "password"=>"[FILTERED]"}}}
  [1m[36mUser Load (1.2ms)[0m  [1m[34mSELECT "users".* FROM "users" WHERE "users"."email" = $1 ORDER BY "users"."id" ASC LIMIT $2[0m  [["email", "user5@hse.ru"], ["LIMIT", 1]]
Completed 200 OK in 271ms (Views: 0.5ms | ActiveRecord: 1.2ms | Allocations: 3892)


Started DELETE "/users/sign_out" for ::1 at 2023-03-15 17:31:20 +0300
Processing by Api::Users::SessionsController#destroy as */*
  [1m[36mUser Load (0.3ms)[0m  [1m[34mSELECT "users".* FROM "users" WHERE "users"."id" = $1 ORDER BY "users"."id" ASC LIMIT $2[0m  [["id", 5], ["LIMIT", 1]]
  [1m[36mUser Load (0.2ms)[0m  [1m[34mSELECT "users".* FROM "users" WHERE "users"."id" = $1 LIMIT $2[0m  [["id", 5], ["LIMIT", 1]]
  ↳ app/controllers/api/users/sessions_controller.rb:16:in `respond_to_on_destroy'
Completed 200 OK in 3ms (Views: 0.1ms | ActiveRecord: 0.5ms | Allocations: 2230)


  [1m[36mCACHE User Load (0.0ms)[0m  [1m[34mSELECT "users".* FROM "users" WHERE "users"."id" = $1 LIMIT $2[0m  [["id", 5], ["LIMIT", 1]]
  [1m[36mUser Update (0.7ms)[0m  [1m[33mUPDATE "users" SET "jti" = $1 WHERE "users"."id" = $2[0m  [["jti", "b7388e12-e5ee-492e-9278-d762a83e8820"], ["id", 5]]
Started GET "/api/v1/users" for ::1 at 2023-03-15 17:34:51 +0300
Processing by UsersController#index as HTML
  [1m[36mUser Load (0.5ms)[0m  [1m[34mSELECT "users".* FROM "users"[0m
  ↳ app/controllers/users_controller.rb:5:in `index'
Completed 200 OK in 11ms (Views: 4.4ms | ActiveRecord: 6.0ms | Allocations: 4378)


Started GET "/api/v1/users" for ::1 at 2023-03-15 17:36:38 +0300
Processing by UsersController#index as HTML
  [1m[36mUser Load (0.6ms)[0m  [1m[34mSELECT "users".* FROM "users"[0m
  ↳ app/controllers/users_controller.rb:4:in `index'
Completed 200 OK in 12ms (Views: 4.0ms | ActiveRecord: 5.8ms | Allocations: 4329)


  [1m[35m (0.1ms)[0m  [1m[34mSELECT pg_try_advisory_lock(7115881649548068915)[0m
  [1m[36mActiveRecord::SchemaMigration Pluck (1.2ms)[0m  [1m[34mSELECT "schema_migrations"."version" FROM "schema_migrations" ORDER BY "schema_migrations"."version" ASC[0m
Migrating to AddNameToUser (20230315143816)
  [1m[36mTRANSACTION (0.1ms)[0m  [1m[35mBEGIN[0m
  [1m[35m (6.4ms)[0m  [1m[35mALTER TABLE "users" ADD "username" character varying NOT NULL[0m
  [1m[36mTRANSACTION (0.2ms)[0m  [1m[31mROLLBACK[0m
  [1m[35m (0.2ms)[0m  [1m[34mSELECT pg_advisory_unlock(7115881649548068915)[0m
  [1m[35m (0.5ms)[0m  [1m[34mSELECT pg_try_advisory_lock(7115881649548068915)[0m
  [1m[36mActiveRecord::SchemaMigration Pluck (0.5ms)[0m  [1m[34mSELECT "schema_migrations"."version" FROM "schema_migrations" ORDER BY "schema_migrations"."version" ASC[0m
Migrating to AddNameToUser (20230315143816)
  [1m[36mTRANSACTION (0.1ms)[0m  [1m[35mBEGIN[0m
  [1m[35m (0.5ms)[0m  [1m[35mALTER TABLE "users" ADD "username" character varying[0m
  [1m[36mActiveRecord::SchemaMigration Create (0.4ms)[0m  [1m[32mINSERT INTO "schema_migrations" ("version") VALUES ($1) RETURNING "version"[0m  [["version", "20230315143816"]]
  [1m[36mTRANSACTION (0.8ms)[0m  [1m[35mCOMMIT[0m
  [1m[36mActiveRecord::InternalMetadata Load (1.4ms)[0m  [1m[34mSELECT "ar_internal_metadata".* FROM "ar_internal_metadata" WHERE "ar_internal_metadata"."key" = $1 LIMIT $2[0m  [["key", "environment"], ["LIMIT", 1]]
  [1m[35m (0.1ms)[0m  [1m[34mSELECT pg_advisory_unlock(7115881649548068915)[0m
  [1m[36mActiveRecord::SchemaMigration Pluck (0.5ms)[0m  [1m[34mSELECT "schema_migrations"."version" FROM "schema_migrations" ORDER BY "schema_migrations"."version" ASC[0m
Started GET "/api/v1/users" for ::1 at 2023-03-15 17:42:49 +0300
  [1m[36mActiveRecord::SchemaMigration Pluck (0.6ms)[0m  [1m[34mSELECT "schema_migrations"."version" FROM "schema_migrations" ORDER BY "schema_migrations"."version" ASC[0m
Processing by UsersController#index as HTML
  [1m[36mUser Load (13.4ms)[0m  [1m[34mSELECT "users".* FROM "users"[0m
  ↳ app/controllers/users_controller.rb:4:in `index'
Completed 200 OK in 74ms (Views: 44.6ms | ActiveRecord: 23.7ms | Allocations: 39679)


Started POST "/users" for ::1 at 2023-03-15 17:43:35 +0300
Processing by Api::Users::RegistrationsController#create as */*
  Parameters: {"user"=>{"email"=>"user5@hse.ru", "password"=>"[FILTERED]", "username"=>"Alex"}, "registration"=>{"user"=>{"email"=>"user5@hse.ru", "password"=>"[FILTERED]", "username"=>"Alex"}}}
  [1m[36mTRANSACTION (0.3ms)[0m  [1m[35mBEGIN[0m
  ↳ app/controllers/api/users/registrations_controller.rb:9:in `create'
  [1m[36mUser Exists? (1.2ms)[0m  [1m[34mSELECT 1 AS one FROM "users" WHERE "users"."email" = $1 LIMIT $2[0m  [["email", "user5@hse.ru"], ["LIMIT", 1]]
  ↳ app/controllers/api/users/registrations_controller.rb:9:in `create'
  [1m[36mTRANSACTION (0.2ms)[0m  [1m[31mROLLBACK[0m
  ↳ app/controllers/api/users/registrations_controller.rb:9:in `create'
Completed 422 Unprocessable Entity in 283ms (Views: 0.3ms | ActiveRecord: 5.3ms | Allocations: 8820)


Started POST "/users" for ::1 at 2023-03-15 17:45:42 +0300
Processing by Api::Users::RegistrationsController#create as */*
  Parameters: {"user"=>{"email"=>"user6@hse.ru", "password"=>"[FILTERED]", "username"=>"Alex"}, "registration"=>{"user"=>{"email"=>"user6@hse.ru", "password"=>"[FILTERED]", "username"=>"Alex"}}}
  [1m[36mTRANSACTION (0.3ms)[0m  [1m[35mBEGIN[0m
  ↳ app/controllers/api/users/registrations_controller.rb:9:in `create'
  [1m[36mUser Exists? (4.4ms)[0m  [1m[34mSELECT 1 AS one FROM "users" WHERE "users"."email" = $1 LIMIT $2[0m  [["email", "user6@hse.ru"], ["LIMIT", 1]]
  ↳ app/controllers/api/users/registrations_controller.rb:9:in `create'
  [1m[36mUser Create (8.5ms)[0m  [1m[32mINSERT INTO "users" ("email", "encrypted_password", "reset_password_token", "reset_password_sent_at", "remember_created_at", "created_at", "updated_at", "jti", "username") VALUES ($1, $2, $3, $4, $5, $6, $7, $8, $9) RETURNING "id"[0m  [["email", "user6@hse.ru"], ["encrypted_password", "[FILTERED]"], ["reset_password_token", "[FILTERED]"], ["reset_password_sent_at", "[FILTERED]"], ["remember_created_at", nil], ["created_at", "2023-03-15 14:45:42.583926"], ["updated_at", "2023-03-15 14:45:42.583926"], ["jti", "5af6a996-df1b-49b2-8100-b56190869381"], ["username", "Alex"]]
  ↳ app/controllers/api/users/registrations_controller.rb:9:in `create'
  [1m[36mTRANSACTION (2.6ms)[0m  [1m[35mCOMMIT[0m
  ↳ app/controllers/api/users/registrations_controller.rb:9:in `create'
Completed 200 OK in 282ms (Views: 0.8ms | ActiveRecord: 15.7ms | Allocations: 3522)


Started POST "/users/sign_in" for ::1 at 2023-03-15 17:46:05 +0300
Processing by Api::Users::SessionsController#create as */*
  Parameters: {"user"=>{"email"=>"user6@hse.ru", "password"=>"[FILTERED]", "username"=>"Alex"}, "session"=>{"user"=>{"email"=>"user6@hse.ru", "password"=>"[FILTERED]", "username"=>"Alex"}}}
  [1m[36mUser Load (0.4ms)[0m  [1m[34mSELECT "users".* FROM "users" WHERE "users"."email" = $1 ORDER BY "users"."id" ASC LIMIT $2[0m  [["email", "user6@hse.ru"], ["LIMIT", 1]]
Completed 200 OK in 264ms (Views: 0.5ms | ActiveRecord: 0.6ms | Allocations: 3237)


Started DELETE "/users/sign_out" for ::1 at 2023-03-15 17:46:20 +0300
Processing by Api::Users::SessionsController#destroy as */*
  [1m[36mUser Load (0.9ms)[0m  [1m[34mSELECT "users".* FROM "users" WHERE "users"."id" = $1 ORDER BY "users"."id" ASC LIMIT $2[0m  [["id", 6], ["LIMIT", 1]]
  [1m[36mUser Load (0.1ms)[0m  [1m[34mSELECT "users".* FROM "users" WHERE "users"."id" = $1 LIMIT $2[0m  [["id", 6], ["LIMIT", 1]]
  ↳ app/controllers/api/users/sessions_controller.rb:16:in `respond_to_on_destroy'
Completed 200 OK in 7ms (Views: 0.1ms | ActiveRecord: 1.0ms | Allocations: 3361)


  [1m[36mCACHE User Load (0.0ms)[0m  [1m[34mSELECT "users".* FROM "users" WHERE "users"."id" = $1 LIMIT $2[0m  [["id", 6], ["LIMIT", 1]]
  [1m[36mUser Update (4.8ms)[0m  [1m[33mUPDATE "users" SET "jti" = $1 WHERE "users"."id" = $2[0m  [["jti", "5ef8cb68-31f5-47e1-9133-70071539db22"], ["id", 6]]
Started GET "/api/v1/users" for ::1 at 2023-03-15 17:46:45 +0300
Processing by UsersController#index as HTML
  [1m[36mUser Load (0.5ms)[0m  [1m[34mSELECT "users".* FROM "users"[0m
  ↳ app/controllers/users_controller.rb:4:in `index'
Completed 200 OK in 5ms (Views: 3.3ms | ActiveRecord: 0.5ms | Allocations: 1664)


Started GET "/api/v1/users" for ::1 at 2023-03-15 17:52:44 +0300
Processing by UsersController#index as HTML
  [1m[36mUser Load (0.8ms)[0m  [1m[34mSELECT "users".* FROM "users"[0m
  ↳ app/controllers/users_controller.rb:4:in `index'
Completed 200 OK in 59ms (Views: 58.2ms | ActiveRecord: 8.4ms | Allocations: 4421)


